<?xml version="1.0" encoding="UTF-8"?>
<!-- Generated by org.testng.reporters.JUnitReportReporter -->
<testsuite hostname="LAPTOP-I62PMQJU" failures="0" tests="1" name="TNGPkg.TNGClass" time="0.011" errors="0" timestamp="2024-08-15T12:49:17 IST" skipped="0">
  <testcase classname="TNGPkg.TNGClass" name="demo" time="0.011"/>
</testsuite> <!-- TNGPkg.TNGClass -->
